[2026-05-04T15:33:09.086Z] {"timestamp":1777908788598,"kind":"scroll","url":"http://localhost:3000/","viewport":{"width":1878,"height":969},"payload":{"scrollX":0,"scrollY":2,"documentHeight":7643,"viewportHeight":969}}
[2026-05-04T15:33:10.598Z] {"timestamp":1777908789161,"kind":"scroll","url":"http://localhost:3000/","viewport":{"width":1878,"height":969},"payload":{"scrollX":0,"scrollY":269,"documentHeight":7643,"viewportHeight":969}}
[2026-05-04T15:33:10.598Z] {"timestamp":1777908789751,"kind":"scroll","url":"http://localhost:3000/","viewport":{"width":1878,"height":969},"payload":{"scrollX":0,"scrollY":1022,"documentHeight":7643,"viewportHeight":969}}
[2026-05-04T15:33:12.597Z] {"timestamp":1777908792194,"kind":"scroll","url":"http://localhost:3000/","viewport":{"width":1878,"height":969},"payload":{"scrollX":0,"scrollY":1068,"documentHeight":7643,"viewportHeight":969}}
[2026-05-04T15:33:14.599Z] {"timestamp":1777908792697,"kind":"scroll","url":"http://localhost:3000/","viewport":{"width":1878,"height":969},"payload":{"scrollX":0,"scrollY":1738,"documentHeight":7643,"viewportHeight":969}}
[2026-05-04T15:33:14.599Z] {"timestamp":1777908793387,"kind":"scroll","url":"http://localhost:3000/","viewport":{"width":1878,"height":969},"payload":{"scrollX":0,"scrollY":2268,"documentHeight":7643,"viewportHeight":969}}
[2026-05-04T15:33:14.599Z] {"timestamp":1777908794229,"kind":"scroll","url":"http://localhost:3000/","viewport":{"width":1878,"height":969},"payload":{"scrollX":0,"scrollY":2599,"documentHeight":7643,"viewportHeight":969}}
[2026-05-04T15:33:16.599Z] {"timestamp":1777908795202,"kind":"scroll","url":"http://localhost:3000/","viewport":{"width":1878,"height":969},"payload":{"scrollX":0,"scrollY":2334,"documentHeight":7643,"viewportHeight":969}}
[2026-05-04T15:33:16.599Z] {"timestamp":1777908795848,"kind":"scroll","url":"http://localhost:3000/","viewport":{"width":1878,"height":969},"payload":{"scrollX":0,"scrollY":3134,"documentHeight":7643,"viewportHeight":969}}
[2026-05-04T15:33:18.598Z] {"timestamp":1777908796627,"kind":"scroll","url":"http://localhost:3000/","viewport":{"width":1878,"height":969},"payload":{"scrollX":0,"scrollY":3468,"documentHeight":7643,"viewportHeight":969}}
[2026-05-04T15:33:18.598Z] {"timestamp":1777908797128,"kind":"scroll","url":"http://localhost:3000/","viewport":{"width":1878,"height":969},"payload":{"scrollX":0,"scrollY":3864,"documentHeight":7643,"viewportHeight":969}}
[2026-05-04T15:33:18.598Z] {"timestamp":1777908797629,"kind":"scroll","url":"http://localhost:3000/","viewport":{"width":1878,"height":969},"payload":{"scrollX":0,"scrollY":4359,"documentHeight":7643,"viewportHeight":969}}
[2026-05-04T15:33:18.598Z] {"timestamp":1777908798129,"kind":"scroll","url":"http://localhost:3000/","viewport":{"width":1878,"height":969},"payload":{"scrollX":0,"scrollY":4796,"documentHeight":7643,"viewportHeight":969}}
[2026-05-04T15:33:20.595Z] {"timestamp":1777908798708,"kind":"scroll","url":"http://localhost:3000/","viewport":{"width":1878,"height":969},"payload":{"scrollX":0,"scrollY":5134,"documentHeight":7643,"viewportHeight":969}}
[2026-05-04T15:33:20.595Z] {"timestamp":1777908799437,"kind":"scroll","url":"http://localhost:3000/","viewport":{"width":1878,"height":969},"payload":{"scrollX":0,"scrollY":5468,"documentHeight":7643,"viewportHeight":969}}
[2026-05-04T15:33:20.595Z] {"timestamp":1777908799938,"kind":"scroll","url":"http://localhost:3000/","viewport":{"width":1878,"height":969},"payload":{"scrollX":0,"scrollY":5823,"documentHeight":7643,"viewportHeight":969}}
[2026-05-04T15:33:20.595Z] {"timestamp":1777908800438,"kind":"scroll","url":"http://localhost:3000/","viewport":{"width":1878,"height":969},"payload":{"scrollX":0,"scrollY":6272,"documentHeight":7643,"viewportHeight":969}}
[2026-05-04T15:33:22.594Z] {"timestamp":1777908800939,"kind":"scroll","url":"http://localhost:3000/","viewport":{"width":1878,"height":969},"payload":{"scrollX":0,"scrollY":6475,"documentHeight":7643,"viewportHeight":969}}
[2026-05-04T15:33:24.599Z] {"timestamp":1777908803287,"kind":"scroll","url":"http://localhost:3000/","viewport":{"width":1878,"height":969},"payload":{"scrollX":0,"scrollY":6658,"documentHeight":7643,"viewportHeight":969}}
[2026-05-04T15:33:24.599Z] {"timestamp":1777908803822,"kind":"scroll","url":"http://localhost:3000/","viewport":{"width":1878,"height":969},"payload":{"scrollX":0,"scrollY":5995,"documentHeight":7643,"viewportHeight":969}}
[2026-05-04T15:33:24.599Z] {"timestamp":1777908804323,"kind":"scroll","url":"http://localhost:3000/","viewport":{"width":1878,"height":969},"payload":{"scrollX":0,"scrollY":2011,"documentHeight":7643,"viewportHeight":969}}
[2026-05-04T15:33:26.602Z] {"timestamp":1777908804824,"kind":"scroll","url":"http://localhost:3000/","viewport":{"width":1878,"height":969},"payload":{"scrollX":0,"scrollY":394,"documentHeight":7643,"viewportHeight":969}}
[2026-05-04T15:35:42.655Z] {"timestamp":1777908939385,"kind":"error","url":"http://localhost:3000/","viewport":{"width":1878,"height":969},"payload":{"message":"Uncaught SyntaxError: Unexpected token '<'","filename":"http://localhost:3000/analytics/umami","lineno":1,"colno":1}}
[2026-05-04T15:37:36.097Z] {"timestamp":1777909054535,"kind":"error","url":"http://localhost:3000/","viewport":{"width":1878,"height":969},"payload":{"message":"Uncaught SyntaxError: Unexpected token '<'","filename":"http://localhost:3000/analytics/umami","lineno":1,"colno":1}}
[2026-05-04T15:38:01.479Z] {"timestamp":1777909081287,"kind":"scroll","url":"http://localhost:3000/","viewport":{"width":1878,"height":969},"payload":{"scrollX":0,"scrollY":1,"documentHeight":7351,"viewportHeight":969}}
[2026-05-04T15:38:03.479Z] {"timestamp":1777909081788,"kind":"scroll","url":"http://localhost:3000/","viewport":{"width":1878,"height":969},"payload":{"scrollX":0,"scrollY":398,"documentHeight":7351,"viewportHeight":969}}
[2026-05-04T15:38:03.479Z] {"timestamp":1777909082288,"kind":"scroll","url":"http://localhost:3000/","viewport":{"width":1878,"height":969},"payload":{"scrollX":0,"scrollY":666,"documentHeight":7351,"viewportHeight":969}}
[2026-05-04T15:38:03.479Z] {"timestamp":1777909083414,"kind":"scroll","url":"http://localhost:3000/","viewport":{"width":1878,"height":969},"payload":{"scrollX":0,"scrollY":999,"documentHeight":7351,"viewportHeight":969}}
[2026-05-04T15:38:06.119Z] {"timestamp":1777909083992,"kind":"scroll","url":"http://localhost:3000/","viewport":{"width":1878,"height":969},"payload":{"scrollX":0,"scrollY":399,"documentHeight":7351,"viewportHeight":969}}
[2026-05-04T15:41:27.534Z] {"timestamp":1777909287262,"kind":"focusin","url":"http://localhost:3000/","viewport":{"width":1296,"height":882},"payload":{"target":{"tag":"plasmo-csui","id":"qaiSidebarShadowHostEl","name":null,"type":null,"role":null,"ariaLabel":null,"testId":null,"dataLoc":null,"href":null,"text":"","selectorHint":"#qaiSidebarShadowHostEl"}}}
[2026-05-04T15:41:32.117Z] {"timestamp":1777909290130,"kind":"focusout","url":"http://localhost:3000/","viewport":{"width":1878,"height":969},"payload":{"target":{"tag":"plasmo-csui","id":"qaiSidebarShadowHostEl","name":null,"type":null,"role":null,"ariaLabel":null,"testId":null,"dataLoc":null,"href":null,"text":"","selectorHint":"#qaiSidebarShadowHostEl"},"value":null}}
[2026-05-04T15:41:35.478Z] {"timestamp":1777909294961,"kind":"focusin","url":"http://localhost:3000/","viewport":{"width":1878,"height":969},"payload":{"target":{"tag":"plasmo-csui","id":"qaiSidebarShadowHostEl","name":null,"type":null,"role":null,"ariaLabel":null,"testId":null,"dataLoc":null,"href":null,"text":"","selectorHint":"#qaiSidebarShadowHostEl"}}}
[2026-05-04T15:41:37.482Z] {"timestamp":1777909296408,"kind":"focusout","url":"http://localhost:3000/","viewport":{"width":1878,"height":969},"payload":{"target":{"tag":"plasmo-csui","id":"qaiSidebarShadowHostEl","name":null,"type":null,"role":null,"ariaLabel":null,"testId":null,"dataLoc":null,"href":null,"text":"","selectorHint":"#qaiSidebarShadowHostEl"},"value":null}}
[2026-05-04T15:41:37.482Z] {"timestamp":1777909297187,"kind":"focusin","url":"http://localhost:3000/","viewport":{"width":1878,"height":969},"payload":{"target":{"tag":"plasmo-csui","id":"qaiSidebarShadowHostEl","name":null,"type":null,"role":null,"ariaLabel":null,"testId":null,"dataLoc":null,"href":null,"text":"","selectorHint":"#qaiSidebarShadowHostEl"}}}
[2026-05-04T15:41:43.555Z] {"timestamp":1777909301765,"kind":"focusout","url":"http://localhost:3000/","viewport":{"width":1878,"height":969},"payload":{"target":{"tag":"plasmo-csui","id":"qaiSidebarShadowHostEl","name":null,"type":null,"role":null,"ariaLabel":null,"testId":null,"dataLoc":null,"href":null,"text":"","selectorHint":"#qaiSidebarShadowHostEl"},"value":null}}
[2026-05-04T15:41:43.555Z] {"timestamp":1777909302489,"kind":"focusin","url":"http://localhost:3000/","viewport":{"width":1878,"height":969},"payload":{"target":{"tag":"plasmo-csui","id":"qaiSidebarShadowHostEl","name":null,"type":null,"role":null,"ariaLabel":null,"testId":null,"dataLoc":null,"href":null,"text":"","selectorHint":"#qaiSidebarShadowHostEl"}}}
[2026-05-04T15:41:43.555Z] {"timestamp":1777909302958,"kind":"focusout","url":"http://localhost:3000/","viewport":{"width":1878,"height":969},"payload":{"target":{"tag":"plasmo-csui","id":"qaiSidebarShadowHostEl","name":null,"type":null,"role":null,"ariaLabel":null,"testId":null,"dataLoc":null,"href":null,"text":"","selectorHint":"#qaiSidebarShadowHostEl"},"value":null}}
[2026-05-04T15:41:43.555Z] {"timestamp":1777909303537,"kind":"focusin","url":"http://localhost:3000/","viewport":{"width":1878,"height":969},"payload":{"target":{"tag":"plasmo-csui","id":"qaiSidebarShadowHostEl","name":null,"type":null,"role":null,"ariaLabel":null,"testId":null,"dataLoc":null,"href":null,"text":"","selectorHint":"#qaiSidebarShadowHostEl"}}}
[2026-05-04T15:41:46.145Z] {"timestamp":1777909305005,"kind":"focusout","url":"http://localhost:3000/","viewport":{"width":1878,"height":969},"payload":{"target":{"tag":"plasmo-csui","id":"qaiSidebarShadowHostEl","name":null,"type":null,"role":null,"ariaLabel":null,"testId":null,"dataLoc":null,"href":null,"text":"","selectorHint":"#qaiSidebarShadowHostEl"},"value":null}}
[2026-05-04T15:41:47.666Z] {"timestamp":1777909306514,"kind":"focusin","url":"http://localhost:3000/","viewport":{"width":1878,"height":969},"payload":{"target":{"tag":"plasmo-csui","id":"qaiSidebarShadowHostEl","name":null,"type":null,"role":null,"ariaLabel":null,"testId":null,"dataLoc":null,"href":null,"text":"","selectorHint":"#qaiSidebarShadowHostEl"}}}
[2026-05-04T15:41:47.666Z] {"timestamp":1777909306980,"kind":"focusout","url":"http://localhost:3000/","viewport":{"width":1878,"height":969},"payload":{"target":{"tag":"plasmo-csui","id":"qaiSidebarShadowHostEl","name":null,"type":null,"role":null,"ariaLabel":null,"testId":null,"dataLoc":null,"href":null,"text":"","selectorHint":"#qaiSidebarShadowHostEl"},"value":null}}
[2026-05-04T15:41:47.666Z] {"timestamp":1777909307642,"kind":"focusin","url":"http://localhost:3000/","viewport":{"width":1878,"height":969},"payload":{"target":{"tag":"plasmo-csui","id":"qaiSidebarShadowHostEl","name":null,"type":null,"role":null,"ariaLabel":null,"testId":null,"dataLoc":null,"href":null,"text":"","selectorHint":"#qaiSidebarShadowHostEl"}}}
[2026-05-04T15:41:50.115Z] {"timestamp":1777909308137,"kind":"focusout","url":"http://localhost:3000/","viewport":{"width":1878,"height":969},"payload":{"target":{"tag":"plasmo-csui","id":"qaiSidebarShadowHostEl","name":null,"type":null,"role":null,"ariaLabel":null,"testId":null,"dataLoc":null,"href":null,"text":"","selectorHint":"#qaiSidebarShadowHostEl"},"value":null}}
[2026-05-04T15:42:23.887Z] {"timestamp":1777909343858,"kind":"focusin","url":"http://localhost:3000/","viewport":{"width":1878,"height":969},"payload":{"target":{"tag":"plasmo-csui","id":"qaiSidebarShadowHostEl","name":null,"type":null,"role":null,"ariaLabel":null,"testId":null,"dataLoc":null,"href":null,"text":"","selectorHint":"#qaiSidebarShadowHostEl"}}}
[2026-05-04T15:42:27.481Z] {"timestamp":1777909346734,"kind":"focusout","url":"http://localhost:3000/","viewport":{"width":1878,"height":969},"payload":{"target":{"tag":"plasmo-csui","id":"qaiSidebarShadowHostEl","name":null,"type":null,"role":null,"ariaLabel":null,"testId":null,"dataLoc":null,"href":null,"text":"","selectorHint":"#qaiSidebarShadowHostEl"},"value":null}}
[2026-05-04T15:42:27.481Z] {"timestamp":1777909346736,"kind":"focusin","url":"http://localhost:3000/","viewport":{"width":1878,"height":969},"payload":{"target":{"tag":"a","id":null,"name":null,"type":null,"role":null,"ariaLabel":null,"testId":null,"dataLoc":"client\\src\\components\\Navbar.tsx:92","href":"#about","text":"ABOUT","selectorHint":"[data-loc=\"client\\src\\components\\Navbar.tsx:92\"]"}}}
[2026-05-04T15:42:27.481Z] {"timestamp":1777909346807,"kind":"click","url":"http://localhost:3000/","viewport":{"width":1878,"height":969},"payload":{"target":{"tag":"a","id":null,"name":null,"type":null,"role":null,"ariaLabel":null,"testId":null,"dataLoc":"client\\src\\components\\Navbar.tsx:92","href":"#about","text":"ABOUT","selectorHint":"[data-loc=\"client\\src\\components\\Navbar.tsx:92\"]"},"x":1043,"y":25}}
[2026-05-04T15:42:27.481Z] {"timestamp":1777909346826,"kind":"scroll","url":"http://localhost:3000/","viewport":{"width":1878,"height":969},"payload":{"scrollX":0,"scrollY":2,"documentHeight":7351,"viewportHeight":969}}
[2026-05-04T15:42:32.115Z] {"timestamp":1777909349536,"kind":"focusout","url":"http://localhost:3000/","viewport":{"width":1878,"height":969},"payload":{"target":{"tag":"a","id":null,"name":null,"type":null,"role":null,"ariaLabel":null,"testId":null,"dataLoc":"client\\src\\components\\Navbar.tsx:92","href":"#about","text":"ABOUT","selectorHint":"[data-loc=\"client\\src\\components\\Navbar.tsx:92\"]"},"value":null}}
[2026-05-04T15:42:53.479Z] {"timestamp":1777909372851,"kind":"focusin","url":"http://localhost:3000/","viewport":{"width":1878,"height":969},"payload":{"target":{"tag":"a","id":null,"name":null,"type":null,"role":null,"ariaLabel":null,"testId":null,"dataLoc":"client\\src\\components\\Navbar.tsx:92","href":"#about","text":"ABOUT","selectorHint":"[data-loc=\"client\\src\\components\\Navbar.tsx:92\"]"}}}
[2026-05-04T15:42:55.478Z] {"timestamp":1777909375170,"kind":"scroll","url":"http://localhost:3000/","viewport":{"width":1878,"height":969},"payload":{"scrollX":0,"scrollY":970,"documentHeight":7351,"viewportHeight":969}}
[2026-05-04T15:42:58.110Z] {"timestamp":1777909375671,"kind":"scroll","url":"http://localhost:3000/","viewport":{"width":1878,"height":969},"payload":{"scrollX":0,"scrollY":1316,"documentHeight":7351,"viewportHeight":969}}
[2026-05-04T15:42:58.110Z] {"timestamp":1777909376226,"kind":"scroll","url":"http://localhost:3000/","viewport":{"width":1878,"height":969},"payload":{"scrollX":0,"scrollY":1035,"documentHeight":7351,"viewportHeight":969}}
[2026-05-04T15:42:58.110Z] {"timestamp":1777909376805,"kind":"scroll","url":"http://localhost:3000/","viewport":{"width":1878,"height":969},"payload":{"scrollX":0,"scrollY":301,"documentHeight":7351,"viewportHeight":969}}
[2026-05-04T15:42:58.110Z] {"timestamp":1777909377220,"kind":"focusout","url":"http://localhost:3000/","viewport":{"width":1878,"height":969},"payload":{"target":{"tag":"a","id":null,"name":null,"type":null,"role":null,"ariaLabel":null,"testId":null,"dataLoc":"client\\src\\components\\Navbar.tsx:92","href":"#about","text":"ABOUT","selectorHint":"[data-loc=\"client\\src\\components\\Navbar.tsx:92\"]"},"value":null}}
[2026-05-04T15:43:45.721Z] {"timestamp":1777909425683,"kind":"focusin","url":"http://localhost:3000/","viewport":{"width":1878,"height":969},"payload":{"target":{"tag":"a","id":null,"name":null,"type":null,"role":null,"ariaLabel":null,"testId":null,"dataLoc":"client\\src\\components\\Navbar.tsx:92","href":"#about","text":"ABOUT","selectorHint":"[data-loc=\"client\\src\\components\\Navbar.tsx:92\"]"}}}
[2026-05-04T15:43:47.482Z] {"timestamp":1777909426746,"kind":"focusout","url":"http://localhost:3000/","viewport":{"width":1878,"height":969},"payload":{"target":{"tag":"a","id":null,"name":null,"type":null,"role":null,"ariaLabel":null,"testId":null,"dataLoc":"client\\src\\components\\Navbar.tsx:92","href":"#about","text":"ABOUT","selectorHint":"[data-loc=\"client\\src\\components\\Navbar.tsx:92\"]"},"value":null}}
[2026-05-04T15:43:47.482Z] {"timestamp":1777909426747,"kind":"focusin","url":"http://localhost:3000/","viewport":{"width":1878,"height":969},"payload":{"target":{"tag":"a","id":null,"name":null,"type":null,"role":null,"ariaLabel":null,"testId":null,"dataLoc":"client\\src\\components\\Navbar.tsx:92","href":"#quality","text":"QUALITY","selectorHint":"[data-loc=\"client\\src\\components\\Navbar.tsx:92\"]"}}}
[2026-05-04T15:43:47.482Z] {"timestamp":1777909426824,"kind":"click","url":"http://localhost:3000/","viewport":{"width":1878,"height":969},"payload":{"target":{"tag":"a","id":null,"name":null,"type":null,"role":null,"ariaLabel":null,"testId":null,"dataLoc":"client\\src\\components\\Navbar.tsx:92","href":"#quality","text":"QUALITY","selectorHint":"[data-loc=\"client\\src\\components\\Navbar.tsx:92\"]"},"x":1308,"y":41}}
[2026-05-04T15:43:47.482Z] {"timestamp":1777909426846,"kind":"scroll","url":"http://localhost:3000/","viewport":{"width":1878,"height":969},"payload":{"scrollX":0,"scrollY":1,"documentHeight":7351,"viewportHeight":969}}
[2026-05-04T15:43:47.482Z] {"timestamp":1777909427347,"kind":"scroll","url":"http://localhost:3000/","viewport":{"width":1878,"height":969},"payload":{"scrollX":0,"scrollY":4088,"documentHeight":7351,"viewportHeight":969}}
[2026-05-04T15:43:49.477Z] {"timestamp":1777909427848,"kind":"scroll","url":"http://localhost:3000/","viewport":{"width":1878,"height":969},"payload":{"scrollX":0,"scrollY":5076,"documentHeight":7351,"viewportHeight":969}}
[2026-05-04T15:43:52.121Z] {"timestamp":1777909430117,"kind":"focusout","url":"http://localhost:3000/","viewport":{"width":1878,"height":969},"payload":{"target":{"tag":"a","id":null,"name":null,"type":null,"role":null,"ariaLabel":null,"testId":null,"dataLoc":"client\\src\\components\\Navbar.tsx:92","href":"#quality","text":"QUALITY","selectorHint":"[data-loc=\"client\\src\\components\\Navbar.tsx:92\"]"},"value":null}}
[2026-05-04T15:44:00.122Z] {"timestamp":1777909438190,"kind":"focusin","url":"http://localhost:3000/","viewport":{"width":1878,"height":969},"payload":{"target":{"tag":"a","id":null,"name":null,"type":null,"role":null,"ariaLabel":null,"testId":null,"dataLoc":"client\\src\\components\\Navbar.tsx:92","href":"#quality","text":"QUALITY","selectorHint":"[data-loc=\"client\\src\\components\\Navbar.tsx:92\"]"}}}
[2026-05-04T15:44:00.122Z] {"timestamp":1777909439247,"kind":"focusout","url":"http://localhost:3000/","viewport":{"width":1878,"height":969},"payload":{"target":{"tag":"a","id":null,"name":null,"type":null,"role":null,"ariaLabel":null,"testId":null,"dataLoc":"client\\src\\components\\Navbar.tsx:92","href":"#quality","text":"QUALITY","selectorHint":"[data-loc=\"client\\src\\components\\Navbar.tsx:92\"]"},"value":null}}
[2026-05-04T15:44:07.704Z] {"timestamp":1777909447687,"kind":"focusin","url":"http://localhost:3000/","viewport":{"width":1878,"height":969},"payload":{"target":{"tag":"a","id":null,"name":null,"type":null,"role":null,"ariaLabel":null,"testId":null,"dataLoc":"client\\src\\components\\Navbar.tsx:92","href":"#quality","text":"QUALITY","selectorHint":"[data-loc=\"client\\src\\components\\Navbar.tsx:92\"]"}}}
[2026-05-04T15:44:09.479Z] {"timestamp":1777909448304,"kind":"scroll","url":"http://localhost:3000/","viewport":{"width":1878,"height":969},"payload":{"scrollX":0,"scrollY":5117,"documentHeight":7351,"viewportHeight":969}}
[2026-05-04T15:44:09.479Z] {"timestamp":1777909449127,"kind":"focusout","url":"http://localhost:3000/","viewport":{"width":1878,"height":969},"payload":{"target":{"tag":"a","id":null,"name":null,"type":null,"role":null,"ariaLabel":null,"testId":null,"dataLoc":"client\\src\\components\\Navbar.tsx:92","href":"#quality","text":"QUALITY","selectorHint":"[data-loc=\"client\\src\\components\\Navbar.tsx:92\"]"},"value":null}}
[2026-05-04T15:44:11.479Z] {"timestamp":1777909449571,"kind":"click","url":"http://localhost:3000/","viewport":{"width":1878,"height":969},"payload":{"target":{"tag":"section","id":"quality","name":null,"type":null,"role":null,"ariaLabel":null,"testId":null,"dataLoc":"client\\src\\components\\QualitySection.tsx:45","href":null,"text":"QUALITY ASSURANCE BUILT ON STANDARDS Denkermann's quality system is built on Eur…","selectorHint":"[data-loc=\"client\\src\\components\\QualitySection.tsx:45\"]"},"x":1856,"y":353}}
[2026-05-04T15:44:11.479Z] {"timestamp":1777909449942,"kind":"click","url":"http://localhost:3000/","viewport":{"width":1878,"height":969},"payload":{"target":{"tag":"section","id":"quality","name":null,"type":null,"role":null,"ariaLabel":null,"testId":null,"dataLoc":"client\\src\\components\\QualitySection.tsx:45","href":null,"text":"QUALITY ASSURANCE BUILT ON STANDARDS Denkermann's quality system is built on Eur…","selectorHint":"[data-loc=\"client\\src\\components\\QualitySection.tsx:45\"]"},"x":1855,"y":548}}
[2026-05-04T15:44:11.479Z] {"timestamp":1777909450586,"kind":"scroll","url":"http://localhost:3000/","viewport":{"width":1878,"height":969},"payload":{"scrollX":0,"scrollY":4834,"documentHeight":7351,"viewportHeight":969}}
[2026-05-04T15:44:11.479Z] {"timestamp":1777909451090,"kind":"scroll","url":"http://localhost:3000/","viewport":{"width":1878,"height":969},"payload":{"scrollX":0,"scrollY":1875,"documentHeight":7351,"viewportHeight":969}}
[2026-05-04T15:44:14.108Z] {"timestamp":1777909451591,"kind":"scroll","url":"http://localhost:3000/","viewport":{"width":1878,"height":969},"payload":{"scrollX":0,"scrollY":1662,"documentHeight":7351,"viewportHeight":969}}
[2026-05-04T15:44:14.108Z] {"timestamp":1777909452342,"kind":"scroll","url":"http://localhost:3000/","viewport":{"width":1878,"height":969},"payload":{"scrollX":0,"scrollY":1700,"documentHeight":7351,"viewportHeight":969}}
[2026-05-04T15:44:23.481Z] {"timestamp":1777909461646,"kind":"focusin","url":"http://localhost:3000/","viewport":{"width":1878,"height":969},"payload":{"target":{"tag":"a","id":null,"name":null,"type":null,"role":null,"ariaLabel":null,"testId":null,"dataLoc":"client\\src\\components\\Navbar.tsx:92","href":"#technology","text":"TECHNOLOGY","selectorHint":"[data-loc=\"client\\src\\components\\Navbar.tsx:92\"]"}}}
[2026-05-04T15:44:23.481Z] {"timestamp":1777909461721,"kind":"click","url":"http://localhost:3000/","viewport":{"width":1878,"height":969},"payload":{"target":{"tag":"a","id":null,"name":null,"type":null,"role":null,"ariaLabel":null,"testId":null,"dataLoc":"client\\src\\components\\Navbar.tsx:92","href":"#technology","text":"TECHNOLOGY","selectorHint":"[data-loc=\"client\\src\\components\\Navbar.tsx:92\"]"},"x":1228,"y":36}}
[2026-05-04T15:44:23.481Z] {"timestamp":1777909461740,"kind":"scroll","url":"http://localhost:3000/","viewport":{"width":1878,"height":969},"payload":{"scrollX":0,"scrollY":108,"documentHeight":7351,"viewportHeight":969}}
[2026-05-04T15:44:23.481Z] {"timestamp":1777909462240,"kind":"scroll","url":"http://localhost:3000/","viewport":{"width":1878,"height":969},"payload":{"scrollX":0,"scrollY":2837,"documentHeight":7351,"viewportHeight":969}}
[2026-05-04T15:44:27.483Z] {"timestamp":1777909466562,"kind":"scroll","url":"http://localhost:3000/","viewport":{"width":1878,"height":969},"payload":{"scrollX":0,"scrollY":3133,"documentHeight":7351,"viewportHeight":969}}
[2026-05-04T15:44:27.483Z] {"timestamp":1777909467070,"kind":"scroll","url":"http://localhost:3000/","viewport":{"width":1878,"height":969},"payload":{"scrollX":0,"scrollY":3382,"documentHeight":7351,"viewportHeight":969}}
[2026-05-04T15:44:30.114Z] {"timestamp":1777909467681,"kind":"focusout","url":"http://localhost:3000/","viewport":{"width":1878,"height":969},"payload":{"target":{"tag":"a","id":null,"name":null,"type":null,"role":null,"ariaLabel":null,"testId":null,"dataLoc":"client\\src\\components\\Navbar.tsx:92","href":"#technology","text":"TECHNOLOGY","selectorHint":"[data-loc=\"client\\src\\components\\Navbar.tsx:92\"]"},"value":null}}
[2026-05-04T15:45:50.233Z] {"timestamp":1777909550210,"kind":"focusin","url":"http://localhost:3000/","viewport":{"width":1878,"height":969},"payload":{"target":{"tag":"a","id":null,"name":null,"type":null,"role":null,"ariaLabel":null,"testId":null,"dataLoc":"client\\src\\components\\Navbar.tsx:92","href":"#technology","text":"TECHNOLOGY","selectorHint":"[data-loc=\"client\\src\\components\\Navbar.tsx:92\"]"}}}
[2026-05-04T15:45:53.478Z] {"timestamp":1777909551809,"kind":"scroll","url":"http://localhost:3000/","viewport":{"width":1878,"height":969},"payload":{"scrollX":0,"scrollY":3598,"documentHeight":7351,"viewportHeight":969}}
[2026-05-04T15:45:53.478Z] {"timestamp":1777909552311,"kind":"scroll","url":"http://localhost:3000/","viewport":{"width":1878,"height":969},"payload":{"scrollX":0,"scrollY":3008,"documentHeight":7351,"viewportHeight":969}}
[2026-05-04T15:45:53.478Z] {"timestamp":1777909553285,"kind":"scroll","url":"http://localhost:3000/","viewport":{"width":1878,"height":969},"payload":{"scrollX":0,"scrollY":2733,"documentHeight":7351,"viewportHeight":969}}
[2026-05-04T15:45:55.480Z] {"timestamp":1777909553785,"kind":"scroll","url":"http://localhost:3000/","viewport":{"width":1878,"height":969},"payload":{"scrollX":0,"scrollY":3377,"documentHeight":7351,"viewportHeight":969}}
[2026-05-04T15:45:55.480Z] {"timestamp":1777909554286,"kind":"scroll","url":"http://localhost:3000/","viewport":{"width":1878,"height":969},"payload":{"scrollX":0,"scrollY":3573,"documentHeight":7351,"viewportHeight":969}}
[2026-05-04T15:45:55.480Z] {"timestamp":1777909555167,"kind":"focusout","url":"http://localhost:3000/","viewport":{"width":1878,"height":969},"payload":{"target":{"tag":"a","id":null,"name":null,"type":null,"role":null,"ariaLabel":null,"testId":null,"dataLoc":"client\\src\\components\\Navbar.tsx:92","href":"#technology","text":"TECHNOLOGY","selectorHint":"[data-loc=\"client\\src\\components\\Navbar.tsx:92\"]"},"value":null}}
[2026-05-04T15:45:55.480Z] {"timestamp":1777909555294,"kind":"click","url":"http://localhost:3000/","viewport":{"width":1878,"height":969},"payload":{"target":{"tag":"div","id":null,"name":null,"type":null,"role":null,"ariaLabel":null,"testId":null,"dataLoc":"client\\src\\components\\TechnologySection.tsx:66","href":null,"text":"","selectorHint":"[data-loc=\"client\\src\\components\\TechnologySection.tsx:66\"]"},"x":1869,"y":507}}
[2026-05-04T15:45:57.478Z] {"timestamp":1777909555842,"kind":"click","url":"http://localhost:3000/","viewport":{"width":1878,"height":969},"payload":{"target":{"tag":"div","id":null,"name":null,"type":null,"role":null,"ariaLabel":null,"testId":null,"dataLoc":"client\\src\\components\\TechnologySection.tsx:66","href":null,"text":"","selectorHint":"[data-loc=\"client\\src\\components\\TechnologySection.tsx:66\"]"},"x":1868,"y":514}}
[2026-05-04T15:45:57.478Z] {"timestamp":1777909556525,"kind":"scroll","url":"http://localhost:3000/","viewport":{"width":1878,"height":969},"payload":{"scrollX":0,"scrollY":3324,"documentHeight":7351,"viewportHeight":969}}
[2026-05-04T15:45:57.478Z] {"timestamp":1777909557030,"kind":"scroll","url":"http://localhost:3000/","viewport":{"width":1878,"height":969},"payload":{"scrollX":0,"scrollY":569,"documentHeight":7351,"viewportHeight":969}}
[2026-05-04T15:45:59.481Z] {"timestamp":1777909558108,"kind":"scroll","url":"http://localhost:3000/","viewport":{"width":1878,"height":969},"payload":{"scrollX":0,"scrollY":8,"documentHeight":7351,"viewportHeight":969}}
[2026-05-04T15:45:59.481Z] {"timestamp":1777909558608,"kind":"scroll","url":"http://localhost:3000/","viewport":{"width":1878,"height":969},"payload":{"scrollX":0,"scrollY":949,"documentHeight":7351,"viewportHeight":969}}
[2026-05-04T15:45:59.481Z] {"timestamp":1777909559116,"kind":"scroll","url":"http://localhost:3000/","viewport":{"width":1878,"height":969},"payload":{"scrollX":0,"scrollY":1138,"documentHeight":7351,"viewportHeight":969}}
[2026-05-04T15:46:01.477Z] {"timestamp":1777909559624,"kind":"scroll","url":"http://localhost:3000/","viewport":{"width":1878,"height":969},"payload":{"scrollX":0,"scrollY":1283,"documentHeight":7351,"viewportHeight":969}}
[2026-05-04T15:46:01.477Z] {"timestamp":1777909560125,"kind":"scroll","url":"http://localhost:3000/","viewport":{"width":1878,"height":969},"payload":{"scrollX":0,"scrollY":2292,"documentHeight":7351,"viewportHeight":969}}
[2026-05-04T15:46:01.477Z] {"timestamp":1777909560625,"kind":"scroll","url":"http://localhost:3000/","viewport":{"width":1878,"height":969},"payload":{"scrollX":0,"scrollY":2975,"documentHeight":7351,"viewportHeight":969}}
[2026-05-04T15:46:01.477Z] {"timestamp":1777909561126,"kind":"scroll","url":"http://localhost:3000/","viewport":{"width":1878,"height":969},"payload":{"scrollX":0,"scrollY":3893,"documentHeight":7351,"viewportHeight":969}}
[2026-05-04T15:46:03.480Z] {"timestamp":1777909561627,"kind":"scroll","url":"http://localhost:3000/","viewport":{"width":1878,"height":969},"payload":{"scrollX":0,"scrollY":4880,"documentHeight":7351,"viewportHeight":969}}
[2026-05-04T15:46:03.480Z] {"timestamp":1777909562128,"kind":"scroll","url":"http://localhost:3000/","viewport":{"width":1878,"height":969},"payload":{"scrollX":0,"scrollY":5813,"documentHeight":7351,"viewportHeight":969}}
[2026-05-04T15:46:03.480Z] {"timestamp":1777909562804,"kind":"scroll","url":"http://localhost:3000/","viewport":{"width":1878,"height":969},"payload":{"scrollX":0,"scrollY":6253,"documentHeight":7351,"viewportHeight":969}}
[2026-05-04T15:46:03.480Z] {"timestamp":1777909563464,"kind":"scroll","url":"http://localhost:3000/","viewport":{"width":1878,"height":969},"payload":{"scrollX":0,"scrollY":6359,"documentHeight":7351,"viewportHeight":969}}
[2026-05-04T15:46:21.964Z] {"timestamp":1777909579808,"kind":"click","url":"http://localhost:3000/","viewport":{"width":1878,"height":969},"payload":{"target":{"tag":"div","id":null,"name":null,"type":null,"role":null,"ariaLabel":null,"testId":null,"dataLoc":"client\\src\\components\\HeroSection.tsx:92","href":null,"text":"POLISH PRECISION · EUROPEAN STANDARD AUTOMOTIVE FILTRATION SYSTEMS BUILT TO PERF…","selectorHint":"[data-loc=\"client\\src\\components\\HeroSection.tsx:92\"]"},"x":1332,"y":854}}
[2026-05-04T15:46:45.480Z] {"timestamp":1777909605072,"kind":"scroll","url":"http://localhost:3000/","viewport":{"width":1878,"height":969},"payload":{"scrollX":0,"scrollY":1,"documentHeight":7351,"viewportHeight":969}}
[2026-05-04T15:46:47.479Z] {"timestamp":1777909605659,"kind":"scroll","url":"http://localhost:3000/","viewport":{"width":1878,"height":969},"payload":{"scrollX":0,"scrollY":735,"documentHeight":7351,"viewportHeight":969}}
[2026-05-04T15:46:47.479Z] {"timestamp":1777909606232,"kind":"scroll","url":"http://localhost:3000/","viewport":{"width":1878,"height":969},"payload":{"scrollX":0,"scrollY":1601,"documentHeight":7351,"viewportHeight":969}}
[2026-05-04T15:46:47.479Z] {"timestamp":1777909606734,"kind":"scroll","url":"http://localhost:3000/","viewport":{"width":1878,"height":969},"payload":{"scrollX":0,"scrollY":2262,"documentHeight":7351,"viewportHeight":969}}
[2026-05-04T15:46:47.479Z] {"timestamp":1777909607242,"kind":"scroll","url":"http://localhost:3000/","viewport":{"width":1878,"height":969},"payload":{"scrollX":0,"scrollY":2757,"documentHeight":7351,"viewportHeight":969}}
[2026-05-04T15:46:50.119Z] {"timestamp":1777909607841,"kind":"scroll","url":"http://localhost:3000/","viewport":{"width":1878,"height":969},"payload":{"scrollX":0,"scrollY":2733,"documentHeight":7351,"viewportHeight":969}}
[2026-05-04T15:46:53.480Z] {"timestamp":1777909611892,"kind":"scroll","url":"http://localhost:3000/","viewport":{"width":1878,"height":969},"payload":{"scrollX":0,"scrollY":2599,"documentHeight":7351,"viewportHeight":969}}
[2026-05-04T15:46:53.480Z] {"timestamp":1777909612471,"kind":"scroll","url":"http://localhost:3000/","viewport":{"width":1878,"height":969},"payload":{"scrollX":0,"scrollY":1866,"documentHeight":7351,"viewportHeight":969}}
[2026-05-04T15:46:53.480Z] {"timestamp":1777909613040,"kind":"scroll","url":"http://localhost:3000/","viewport":{"width":1878,"height":969},"payload":{"scrollX":0,"scrollY":1066,"documentHeight":7351,"viewportHeight":969}}
[2026-05-04T15:46:55.477Z] {"timestamp":1777909615324,"kind":"scroll","url":"http://localhost:3000/","viewport":{"width":1878,"height":969},"payload":{"scrollX":0,"scrollY":1001,"documentHeight":7351,"viewportHeight":969}}
[2026-05-04T15:46:57.481Z] {"timestamp":1777909615907,"kind":"scroll","url":"http://localhost:3000/","viewport":{"width":1878,"height":969},"payload":{"scrollX":0,"scrollY":1801,"documentHeight":7351,"viewportHeight":969}}
[2026-05-04T15:46:57.481Z] {"timestamp":1777909616407,"kind":"scroll","url":"http://localhost:3000/","viewport":{"width":1878,"height":969},"payload":{"scrollX":0,"scrollY":2189,"documentHeight":7351,"viewportHeight":969}}
[2026-05-04T15:46:57.481Z] {"timestamp":1777909616913,"kind":"scroll","url":"http://localhost:3000/","viewport":{"width":1878,"height":969},"payload":{"scrollX":0,"scrollY":2670,"documentHeight":7351,"viewportHeight":969}}
[2026-05-04T15:46:57.481Z] {"timestamp":1777909617416,"kind":"scroll","url":"http://localhost:3000/","viewport":{"width":1878,"height":969},"payload":{"scrollX":0,"scrollY":3326,"documentHeight":7351,"viewportHeight":969}}
[2026-05-04T15:47:03.476Z] {"timestamp":1777909622431,"kind":"scroll","url":"http://localhost:3000/","viewport":{"width":1878,"height":969},"payload":{"scrollX":0,"scrollY":3335,"documentHeight":7351,"viewportHeight":969}}
[2026-05-04T15:47:03.476Z] {"timestamp":1777909623060,"kind":"scroll","url":"http://localhost:3000/","viewport":{"width":1878,"height":969},"payload":{"scrollX":0,"scrollY":4068,"documentHeight":7351,"viewportHeight":969}}
[2026-05-04T15:47:05.480Z] {"timestamp":1777909623564,"kind":"scroll","url":"http://localhost:3000/","viewport":{"width":1878,"height":969},"payload":{"scrollX":0,"scrollY":4734,"documentHeight":7351,"viewportHeight":969}}
[2026-05-04T15:47:05.480Z] {"timestamp":1777909624072,"kind":"scroll","url":"http://localhost:3000/","viewport":{"width":1878,"height":969},"payload":{"scrollX":0,"scrollY":5089,"documentHeight":7351,"viewportHeight":969}}
[2026-05-04T15:47:05.480Z] {"timestamp":1777909624573,"kind":"scroll","url":"http://localhost:3000/","viewport":{"width":1878,"height":969},"payload":{"scrollX":0,"scrollY":5362,"documentHeight":7351,"viewportHeight":969}}
[2026-05-04T15:47:07.478Z] {"timestamp":1777909626030,"kind":"scroll","url":"http://localhost:3000/","viewport":{"width":1878,"height":969},"payload":{"scrollX":0,"scrollY":5858,"documentHeight":7351,"viewportHeight":969}}
[2026-05-04T15:51:39.479Z] {"timestamp":1777909898812,"kind":"focusin","url":"http://localhost:3000/","viewport":{"width":1878,"height":969},"payload":{"target":{"tag":"a","id":null,"name":null,"type":null,"role":null,"ariaLabel":null,"testId":null,"dataLoc":"client\\src\\components\\Navbar.tsx:92","href":"#contact","text":"CONTACT","selectorHint":"[data-loc=\"client\\src\\components\\Navbar.tsx:92\"]"}}}
[2026-05-04T15:51:39.479Z] {"timestamp":1777909898870,"kind":"click","url":"http://localhost:3000/","viewport":{"width":1878,"height":969},"payload":{"target":{"tag":"a","id":null,"name":null,"type":null,"role":null,"ariaLabel":null,"testId":null,"dataLoc":"client\\src\\components\\Navbar.tsx:92","href":"#contact","text":"CONTACT","selectorHint":"[data-loc=\"client\\src\\components\\Navbar.tsx:92\"]"},"x":1413,"y":29}}
[2026-05-04T15:51:39.479Z] {"timestamp":1777909898884,"kind":"scroll","url":"http://localhost:3000/","viewport":{"width":1878,"height":969},"payload":{"scrollX":0,"scrollY":1,"documentHeight":7351,"viewportHeight":969}}
[2026-05-04T15:51:39.479Z] {"timestamp":1777909899385,"kind":"scroll","url":"http://localhost:3000/","viewport":{"width":1878,"height":969},"payload":{"scrollX":0,"scrollY":4546,"documentHeight":7351,"viewportHeight":969}}
[2026-05-04T15:51:42.119Z] {"timestamp":1777909899886,"kind":"scroll","url":"http://localhost:3000/","viewport":{"width":1878,"height":969},"payload":{"scrollX":0,"scrollY":5875,"documentHeight":7351,"viewportHeight":969}}
[2026-05-04T15:51:42.119Z] {"timestamp":1777909900787,"kind":"focusout","url":"http://localhost:3000/","viewport":{"width":1878,"height":969},"payload":{"target":{"tag":"a","id":null,"name":null,"type":null,"role":null,"ariaLabel":null,"testId":null,"dataLoc":"client\\src\\components\\Navbar.tsx:92","href":"#contact","text":"CONTACT","selectorHint":"[data-loc=\"client\\src\\components\\Navbar.tsx:92\"]"},"value":null}}
[2026-05-04T15:53:05.939Z] {"timestamp":1777909985922,"kind":"focusin","url":"http://localhost:3000/","viewport":{"width":1878,"height":969},"payload":{"target":{"tag":"a","id":null,"name":null,"type":null,"role":null,"ariaLabel":null,"testId":null,"dataLoc":"client\\src\\components\\Navbar.tsx:92","href":"#contact","text":"CONTACT","selectorHint":"[data-loc=\"client\\src\\components\\Navbar.tsx:92\"]"}}}
[2026-05-04T15:53:09.482Z] {"timestamp":1777909987675,"kind":"scroll","url":"http://localhost:3000/","viewport":{"width":1878,"height":969},"payload":{"scrollX":0,"scrollY":5980,"documentHeight":7351,"viewportHeight":969}}
[2026-05-04T15:53:09.482Z] {"timestamp":1777909988409,"kind":"scroll","url":"http://localhost:3000/","viewport":{"width":1878,"height":969},"payload":{"scrollX":0,"scrollY":5638,"documentHeight":7351,"viewportHeight":969}}
[2026-05-04T15:53:09.482Z] {"timestamp":1777909988910,"kind":"scroll","url":"http://localhost:3000/","viewport":{"width":1878,"height":969},"payload":{"scrollX":0,"scrollY":152,"documentHeight":7351,"viewportHeight":969}}
[2026-05-04T15:53:12.104Z] {"timestamp":1777909991359,"kind":"focusout","url":"http://localhost:3000/","viewport":{"width":1878,"height":969},"payload":{"target":{"tag":"a","id":null,"name":null,"type":null,"role":null,"ariaLabel":null,"testId":null,"dataLoc":"client\\src\\components\\Navbar.tsx:92","href":"#contact","text":"CONTACT","selectorHint":"[data-loc=\"client\\src\\components\\Navbar.tsx:92\"]"},"value":null}}
[2026-05-04T15:53:17.487Z] {"timestamp":1777909996240,"kind":"focusin","url":"http://localhost:3000/","viewport":{"width":1878,"height":969},"payload":{"target":{"tag":"a","id":null,"name":null,"type":null,"role":null,"ariaLabel":null,"testId":null,"dataLoc":"client\\src\\components\\Navbar.tsx:92","href":"#contact","text":"CONTACT","selectorHint":"[data-loc=\"client\\src\\components\\Navbar.tsx:92\"]"}}}
[2026-05-04T15:53:20.116Z] {"timestamp":1777909997958,"kind":"focusout","url":"http://localhost:3000/","viewport":{"width":1878,"height":969},"payload":{"target":{"tag":"a","id":null,"name":null,"type":null,"role":null,"ariaLabel":null,"testId":null,"dataLoc":"client\\src\\components\\Navbar.tsx:92","href":"#contact","text":"CONTACT","selectorHint":"[data-loc=\"client\\src\\components\\Navbar.tsx:92\"]"},"value":null}}
[2026-05-04T15:53:22.108Z] {"timestamp":1777910000494,"kind":"focusin","url":"http://localhost:3000/","viewport":{"width":1878,"height":969},"payload":{"target":{"tag":"a","id":null,"name":null,"type":null,"role":null,"ariaLabel":null,"testId":null,"dataLoc":"client\\src\\components\\Navbar.tsx:92","href":"#contact","text":"CONTACT","selectorHint":"[data-loc=\"client\\src\\components\\Navbar.tsx:92\"]"}}}
[2026-05-04T15:53:22.108Z] {"timestamp":1777910001100,"kind":"focusout","url":"http://localhost:3000/","viewport":{"width":1878,"height":969},"payload":{"target":{"tag":"a","id":null,"name":null,"type":null,"role":null,"ariaLabel":null,"testId":null,"dataLoc":"client\\src\\components\\Navbar.tsx:92","href":"#contact","text":"CONTACT","selectorHint":"[data-loc=\"client\\src\\components\\Navbar.tsx:92\"]"},"value":null}}
[2026-05-04T15:53:23.475Z] {"timestamp":1777910002462,"kind":"focusin","url":"http://localhost:3000/","viewport":{"width":1878,"height":969},"payload":{"target":{"tag":"a","id":null,"name":null,"type":null,"role":null,"ariaLabel":null,"testId":null,"dataLoc":"client\\src\\components\\Navbar.tsx:92","href":"#contact","text":"CONTACT","selectorHint":"[data-loc=\"client\\src\\components\\Navbar.tsx:92\"]"}}}
[2026-05-04T15:53:23.475Z] {"timestamp":1777910003140,"kind":"scroll","url":"http://localhost:3000/","viewport":{"width":1878,"height":969},"payload":{"scrollX":0,"scrollY":1,"documentHeight":7643,"viewportHeight":969}}
[2026-05-04T15:53:25.474Z] {"timestamp":1777910003757,"kind":"scroll","url":"http://localhost:3000/","viewport":{"width":1878,"height":969},"payload":{"scrollX":0,"scrollY":734,"documentHeight":7643,"viewportHeight":969}}
[2026-05-04T15:53:25.474Z] {"timestamp":1777910004341,"kind":"scroll","url":"http://localhost:3000/","viewport":{"width":1878,"height":969},"payload":{"scrollX":0,"scrollY":1534,"documentHeight":7643,"viewportHeight":969}}
[2026-05-04T15:53:25.474Z] {"timestamp":1777910004909,"kind":"scroll","url":"http://localhost:3000/","viewport":{"width":1878,"height":969},"payload":{"scrollX":0,"scrollY":2401,"documentHeight":7643,"viewportHeight":969}}
[2026-05-04T15:53:27.475Z] {"timestamp":1777910005524,"kind":"scroll","url":"http://localhost:3000/","viewport":{"width":1878,"height":969},"payload":{"scrollX":0,"scrollY":3334,"documentHeight":7643,"viewportHeight":969}}
[2026-05-04T15:53:27.475Z] {"timestamp":1777910006129,"kind":"scroll","url":"http://localhost:3000/","viewport":{"width":1878,"height":969},"payload":{"scrollX":0,"scrollY":4201,"documentHeight":7643,"viewportHeight":969}}
[2026-05-04T15:53:27.475Z] {"timestamp":1777910006734,"kind":"scroll","url":"http://localhost:3000/","viewport":{"width":1878,"height":969},"payload":{"scrollX":0,"scrollY":5068,"documentHeight":7643,"viewportHeight":969}}
[2026-05-04T15:53:27.475Z] {"timestamp":1777910007367,"kind":"scroll","url":"http://localhost:3000/","viewport":{"width":1878,"height":969},"payload":{"scrollX":0,"scrollY":6001,"documentHeight":7643,"viewportHeight":969}}
[2026-05-04T15:53:29.471Z] {"timestamp":1777910007868,"kind":"scroll","url":"http://localhost:3000/","viewport":{"width":1878,"height":969},"payload":{"scrollX":0,"scrollY":6657,"documentHeight":7643,"viewportHeight":969}}
[2026-05-04T15:53:29.471Z] {"timestamp":1777910008536,"kind":"scroll","url":"http://localhost:3000/","viewport":{"width":1878,"height":969},"payload":{"scrollX":0,"scrollY":6673,"documentHeight":7643,"viewportHeight":969}}
[2026-05-04T15:53:29.471Z] {"timestamp":1777910009036,"kind":"scroll","url":"http://localhost:3000/","viewport":{"width":1878,"height":969},"payload":{"scrollX":0,"scrollY":5773,"documentHeight":7643,"viewportHeight":969}}
[2026-05-04T15:53:31.472Z] {"timestamp":1777910010452,"kind":"scroll","url":"http://localhost:3000/","viewport":{"width":1878,"height":969},"payload":{"scrollX":0,"scrollY":5459,"documentHeight":7643,"viewportHeight":969}}
[2026-05-04T15:53:31.472Z] {"timestamp":1777910010953,"kind":"scroll","url":"http://localhost:3000/","viewport":{"width":1878,"height":969},"payload":{"scrollX":0,"scrollY":1428,"documentHeight":7643,"viewportHeight":969}}
[2026-05-04T15:53:34.109Z] {"timestamp":1777910013004,"kind":"focusout","url":"http://localhost:3000/","viewport":{"width":1878,"height":969},"payload":{"target":{"tag":"a","id":null,"name":null,"type":null,"role":null,"ariaLabel":null,"testId":null,"dataLoc":"client\\src\\components\\Navbar.tsx:92","href":"#contact","text":"CONTACT","selectorHint":"[data-loc=\"client\\src\\components\\Navbar.tsx:92\"]"},"value":null}}
[2026-05-04T15:53:53.480Z] {"timestamp":1777910032342,"kind":"focusin","url":"http://localhost:3000/","viewport":{"width":1878,"height":969},"payload":{"target":{"tag":"a","id":null,"name":null,"type":null,"role":null,"ariaLabel":null,"testId":null,"dataLoc":"client\\src\\components\\Navbar.tsx:92","href":"#contact","text":"CONTACT","selectorHint":"[data-loc=\"client\\src\\components\\Navbar.tsx:92\"]"}}}
[2026-05-04T15:53:56.109Z] {"timestamp":1777910033829,"kind":"focusout","url":"http://localhost:3000/","viewport":{"width":1878,"height":969},"payload":{"target":{"tag":"a","id":null,"name":null,"type":null,"role":null,"ariaLabel":null,"testId":null,"dataLoc":"client\\src\\components\\Navbar.tsx:92","href":"#contact","text":"CONTACT","selectorHint":"[data-loc=\"client\\src\\components\\Navbar.tsx:92\"]"},"value":null}}
[2026-05-04T15:54:27.484Z] {"timestamp":1777910067058,"kind":"focusin","url":"http://localhost:3000/","viewport":{"width":1878,"height":969},"payload":{"target":{"tag":"a","id":null,"name":null,"type":null,"role":null,"ariaLabel":null,"testId":null,"dataLoc":"client\\src\\components\\Navbar.tsx:92","href":"#contact","text":"CONTACT","selectorHint":"[data-loc=\"client\\src\\components\\Navbar.tsx:92\"]"}}}
[2026-05-04T15:54:27.484Z] {"timestamp":1777910067339,"kind":"focusout","url":"http://localhost:3000/","viewport":{"width":1878,"height":969},"payload":{"target":{"tag":"a","id":null,"name":null,"type":null,"role":null,"ariaLabel":null,"testId":null,"dataLoc":"client\\src\\components\\Navbar.tsx:92","href":"#contact","text":"CONTACT","selectorHint":"[data-loc=\"client\\src\\components\\Navbar.tsx:92\"]"},"value":null}}
